Command line: /home/apps/spades/bin/spades.py --basespace /data/input/AppSession.json 

System information:
  SPAdes version: 3.6.0
  Python version: 2.7.6
  OS: Linux-3.19.0-21-generic-x86_64-with-Ubuntu-14.04-trusty

Output dir: /data/scratch/spades/output
Mode: read error correction and assembling
Debug mode is turned OFF

Dataset parameters:
  Multi-cell mode (you should set '--sc' flag if input data was obtained with MDA (single-cell) technology or --meta flag if processing metagenomic dataset)
  Reads:
    Library number: 1, library type: paired-end
      orientation: fr
      left reads: ['/data/input/samples/31930899/SRR292678sub_S1_L001_R1_001.fastq.gz']
      right reads: ['/data/input/samples/31930899/SRR292678sub_S1_L001_R2_001.fastq.gz']
      interlaced reads: not specified
      single reads: not specified
Read error correction parameters:
  Iterations: 1
  PHRED offset will be auto-detected
  Corrected reads will be compressed (with gzip)
Assembly parameters:
  k: automatic selection based on read length
  Mismatch careful mode is turned OFF
  Repeat resolution is enabled
  MismatchCorrector will be SKIPPED
  Coverage cutoff is turned OFF
Other parameters:
  Dir for temp files: /data/scratch/spades/output/tmp
  Threads: 32
  Memory limit (in Gb): 60


======= SPAdes pipeline started. Log can be found here: /data/scratch/spades/output/spades.log


===== Read error correction started. 


== Running read error correction tool: /home/apps/spades/bin/hammer /data/scratch/spades/output/corrected/configs/config.info

  0:00:00.000     4M / 4M    INFO    General                 (main.cpp                  :  83)   Loading config from /data/scratch/spades/output/corrected/configs/config.info
  0:00:00.000     4M / 4M    INFO    General                 (memory_limit.hpp          :  43)   Memory limit set to 60 Gb
  0:00:00.000     4M / 4M    INFO    General                 (main.cpp                  :  92)   Trying to determine PHRED offset
  0:00:00.001     4M / 4M    INFO    General                 (main.cpp                  :  98)   Determined value is 33
  0:00:00.001     4M / 4M    INFO    General                 (hammer_tools.cpp          :  36)   Hamming graph threshold tau=1, k=21, subkmer positions = [ 0 10 ]
  0:00:00.001     4M / 4M    INFO    General                 (main.cpp                  : 119)   Size of aux. kmer data 24 bytes
     === ITERATION 0 begins ===
  0:00:00.001     4M / 4M    INFO   K-mer Index Building     (kmer_index.hpp            : 464)   Building kmer index
  0:00:00.001     4M / 4M    INFO   K-mer Splitting          (kmer_data.cpp             : 141)   Splitting kmer instances into 512 buckets. This might take a while.
  0:00:00.001     4M / 4M    INFO    General                 (file_limit.hpp            :  30)   Open file limit set to 1048576
  0:00:00.001     4M / 4M    INFO   K-mer Splitting          (kmer_data.cpp             : 159)   Memory available for splitting buffers: 0.624959 Gb
  0:00:00.001     4M / 4M    INFO   K-mer Splitting          (kmer_data.cpp             : 167)   Using cell size of 131072
  0:00:02.249    17G / 17G   INFO   K-mer Splitting          (kmer_data.cpp             : 181)   Processing /data/input/samples/31930899/SRR292678sub_S1_L001_R1_001.fastq.gz
  0:00:20.702    17G / 18G   INFO   K-mer Splitting          (kmer_data.cpp             : 190)   Processed 5499346 reads
  0:00:20.702    17G / 18G   INFO   K-mer Splitting          (kmer_data.cpp             : 181)   Processing /data/input/samples/31930899/SRR292678sub_S1_L001_R2_001.fastq.gz
  0:00:39.059    17G / 18G   INFO   K-mer Splitting          (kmer_data.cpp             : 190)   Processed 10998692 reads
  0:00:39.060    17G / 18G   INFO   K-mer Splitting          (kmer_data.cpp             : 195)   Processed 10998692 reads
  0:00:40.265   128M / 18G   INFO    General                 (kmer_index.hpp            : 342)   Starting k-mer counting.
  0:00:45.650   128M / 18G   INFO    General                 (kmer_index.hpp            : 348)   K-mer counting done. There are 35869396 kmers in total.
  0:00:45.650   128M / 18G   INFO    General                 (kmer_index.hpp            : 350)   Merging temporary buckets.
  0:00:45.853   128M / 18G   INFO   K-mer Index Building     (kmer_index.hpp            : 473)   Building perfect hash indices
  0:00:46.937   128M / 18G   INFO    General                 (kmer_index.hpp            : 368)   Merging final buckets.
  0:00:47.136   128M / 18G   INFO   K-mer Index Building     (kmer_index.hpp            : 521)   Index built. Total 11719344 bytes occupied (2.61378 bits per kmer).
  0:00:47.136   128M / 18G   INFO   K-mer Counting           (kmer_data.cpp             : 280)   Arranging kmers in hash map order
  0:00:54.772   680M / 18G   INFO    General                 (main.cpp                  : 154)   Clustering Hamming graph.
  0:00:54.772   680M / 18G   INFO   Hamming Clustering       (hamcluster.cpp            : 120)   Serializing sub-kmers.
  0:00:54.772   680M / 18G   INFO   Hamming Clustering       (hamcluster.cpp            : 125)   Serializing: [0, 10)
  0:00:57.621   680M / 18G   INFO   Hamming Clustering       (hamcluster.cpp            : 125)   Serializing: [10, 21)
  0:01:00.646   680M / 18G   INFO   Hamming Clustering       (hamcluster.cpp            : 137)   Splitting sub-kmers, pass 1.
  0:01:46.871   680M / 18G   INFO   Hamming Clustering       (hamcluster.cpp            : 162)   Splitting done. Processed 2 blocks. Produced 4967900 blocks.
  0:01:46.871   680M / 18G   INFO   Hamming Clustering       (hamcluster.cpp            : 171)   Merge done, total 239638 new blocks generated.
  0:01:46.871   680M / 18G   INFO   Hamming Clustering       (hamcluster.cpp            : 176)   Spliting sub-kmers, pass 2.
  0:02:14.890   680M / 18G   INFO   Hamming Clustering       (hamcluster.cpp            : 195)   Splitting done. Processed 479276 blocks. Produced 29085263 blocks.
  0:02:14.890   680M / 18G   INFO   Hamming Clustering       (hamcluster.cpp            : 202)   Merge done, saw 0 big blocks out of 29085263 processed.
  0:02:32.424   680M / 18G   INFO    General                 (main.cpp                  : 168)   Clustering done. Total clusters: 13059930
  0:02:32.432   404M / 18G   INFO   K-mer Counting           (kmer_data.cpp             : 295)   Collecting K-mer information, this takes a while.
  0:02:32.788     1G / 18G   INFO   K-mer Counting           (kmer_data.cpp             : 301)   Processing /data/input/samples/31930899/SRR292678sub_S1_L001_R1_001.fastq.gz
  0:02:57.427     1G / 18G   INFO   K-mer Counting           (kmer_data.cpp             : 301)   Processing /data/input/samples/31930899/SRR292678sub_S1_L001_R2_001.fastq.gz
  0:03:22.110     1G / 18G   INFO   K-mer Counting           (kmer_data.cpp             : 308)   Collection done, postprocessing.
  0:03:22.285     1G / 18G   INFO   K-mer Counting           (kmer_data.cpp             : 321)   There are 35869396 kmers in total. Among them 23232864 (64.7707%) are singletons.
  0:03:22.285     1G / 18G   INFO    General                 (main.cpp                  : 174)   Subclustering Hamming graph
  0:03:26.115     1G / 18G   INFO   Hamming Subclustering    (kmer_cluster.cpp          : 634)   Subclustering done. Total 2 non-read kmers were generated.
  0:03:26.115     1G / 18G   INFO   Hamming Subclustering    (kmer_cluster.cpp          : 635)   Subclustering statistics:
  0:03:26.115     1G / 18G   INFO   Hamming Subclustering    (kmer_cluster.cpp          : 636)     Total singleton hamming clusters: 4366674. Among them 2314470 (53.003%) are good
  0:03:26.115     1G / 18G   INFO   Hamming Subclustering    (kmer_cluster.cpp          : 637)     Total singleton subclusters: 37952. Among them 37930 (99.942%) are good
  0:03:26.115     1G / 18G   INFO   Hamming Subclustering    (kmer_cluster.cpp          : 638)     Total non-singleton subcluster centers: 8821605. Among them 7331350 (83.1068%) are good
  0:03:26.115     1G / 18G   INFO   Hamming Subclustering    (kmer_cluster.cpp          : 639)     Average size of non-trivial subcluster: 3.57067 kmers
  0:03:26.115     1G / 18G   INFO   Hamming Subclustering    (kmer_cluster.cpp          : 640)     Average number of sub-clusters per non-singleton cluster: 1.01913
  0:03:26.115     1G / 18G   INFO   Hamming Subclustering    (kmer_cluster.cpp          : 641)     Total solid k-mers: 9683750
  0:03:26.115     1G / 18G   INFO   Hamming Subclustering    (kmer_cluster.cpp          : 642)     Substitution probabilities: [4,4]((0.929475,0.0468021,0.0182643,0.00545859),(0.0176758,0.971064,0.00424933,0.00701083),(0.00698648,0.00423974,0.971081,0.0176928),(0.00545243,0.0182399,0.0467865,0.929521))
  0:03:26.128     1G / 18G   INFO    General                 (main.cpp                  : 179)   Finished clustering.
  0:03:26.128     1G / 18G   INFO    General                 (main.cpp                  : 198)   Starting solid k-mers expansion in 32 threads.
  0:03:59.342     1G / 18G   INFO    General                 (main.cpp                  : 219)   Solid k-mers iteration 0 produced 48812 new k-mers.
  0:04:30.795     1G / 18G   INFO    General                 (main.cpp                  : 219)   Solid k-mers iteration 1 produced 1020 new k-mers.
  0:05:03.100     1G / 18G   INFO    General                 (main.cpp                  : 219)   Solid k-mers iteration 2 produced 30 new k-mers.
  0:05:34.937     1G / 18G   INFO    General                 (main.cpp                  : 219)   Solid k-mers iteration 3 produced 0 new k-mers.
  0:05:34.938     1G / 18G   INFO    General                 (main.cpp                  : 223)   Solid k-mers finalized
  0:05:34.943     1G / 18G   INFO    General                 (hammer_tools.cpp          : 210)   Starting read correction in 32 threads.
  0:05:34.943     1G / 18G   INFO    General                 (hammer_tools.cpp          : 221)   Correcting pair of reads: /data/input/samples/31930899/SRR292678sub_S1_L001_R1_001.fastq.gz and /data/input/samples/31930899/SRR292678sub_S1_L001_R2_001.fastq.gz
  0:05:48.935     3G / 18G   INFO    General                 (hammer_tools.cpp          : 166)   Prepared batch 0 of 3200000 reads.
  0:05:57.300     3G / 18G   INFO    General                 (hammer_tools.cpp          : 175)   Processed batch 0
  0:06:01.970     3G / 18G   INFO    General                 (hammer_tools.cpp          : 185)   Written batch 0
  0:06:11.375     3G / 18G   INFO    General                 (hammer_tools.cpp          : 166)   Prepared batch 1 of 2299346 reads.
  0:06:17.368     3G / 18G   INFO    General                 (hammer_tools.cpp          : 175)   Processed batch 1
  0:06:20.730     3G / 18G   INFO    General                 (hammer_tools.cpp          : 185)   Written batch 1
  0:06:22.262     1G / 18G   INFO    General                 (hammer_tools.cpp          : 269)   Correction done. Changed 956649 bases in 793992 reads.
  0:06:22.262     1G / 18G   INFO    General                 (hammer_tools.cpp          : 270)   Failed to correct 0 bases out of 989881557.
  0:06:22.292   128M / 18G   INFO    General                 (main.cpp                  : 256)   Saving corrected dataset description to /data/scratch/spades/output/corrected/corrected.yaml
  0:06:22.293   128M / 18G   INFO    General                 (main.cpp                  : 263)   All done. Exiting.

== Compressing corrected reads (with gzip)

== Dataset description file was created: /data/scratch/spades/output/corrected/corrected.yaml


===== Read error correction finished. 


===== Assembling started.


== Running assembler: K21

  0:00:00.000     4M / 4M    INFO    General                 (memory_limit.hpp          :  43)   Memory limit set to 60 Gb
  0:00:00.000     4M / 4M    INFO    General                 (main.cpp                  : 147)   Assembling dataset (/data/scratch/spades/output/dataset.info) with K=21
  0:00:00.000     4M / 4M    INFO    General                 (launch.hpp                :  30)   SPAdes started
  0:00:00.000     4M / 4M    INFO    General                 (launch.hpp                :  31)   Starting from stage: construction
  0:00:00.000     4M / 4M    INFO    General                 (launch.hpp                :  34)   Two-step RR enabled: 0
  0:00:00.000     4M / 4M    INFO   StageManager             (stage.cpp                 : 126)   STAGE == Construction
  0:00:00.000     4M / 4M    INFO    General                 (read_converter.hpp        :  79)   Converting reads to binary format (takes a while)
  0:00:00.000     4M / 4M    INFO    General                 (read_converter.hpp        :  81)   Paired reads for library #0
  0:00:00.136    76M / 76M   INFO    General                 (binary_converter.hpp      : 139)   16384 reads processed
  0:00:00.226    88M / 88M   INFO    General                 (binary_converter.hpp      : 139)   32768 reads processed
  0:00:00.500   108M / 108M  INFO    General                 (binary_converter.hpp      : 139)   65536 reads processed
  0:00:01.135   152M / 152M  INFO    General                 (binary_converter.hpp      : 139)   131072 reads processed
  0:00:01.922   236M / 236M  INFO    General                 (binary_converter.hpp      : 139)   262144 reads processed
  0:00:03.389   408M / 408M  INFO    General                 (binary_converter.hpp      : 139)   524288 reads processed
  0:00:07.164   676M / 676M  INFO    General                 (binary_converter.hpp      : 139)   1048576 reads processed
  0:00:13.887   676M / 676M  INFO    General                 (binary_converter.hpp      : 139)   2097152 reads processed
  0:00:27.341   676M / 676M  INFO    General                 (binary_converter.hpp      : 139)   4194304 reads processed
  0:00:36.318   612M / 676M  INFO    General                 (binary_converter.hpp      : 159)   5498906 reads written
  0:00:37.221     4M / 676M  INFO    General                 (read_converter.hpp        :  91)   Single reads for library #0
  0:00:37.343   132M / 676M  INFO    General                 (binary_converter.hpp      : 159)   415 reads written
  0:00:37.348     4M / 676M  INFO    General                 (graph_construction.hpp    : 130)   Constructing DeBruijn graph for k=21
  0:00:37.348     4M / 676M  INFO    General                 (kmer_splitters.hpp        : 179)   Splitting kmer instances into 1024 buckets. This might take a while.
  0:00:37.348     4M / 676M  INFO    General                 (file_limit.hpp            :  30)   Open file limit set to 1048576
  0:00:37.348     4M / 676M  INFO    General                 (kmer_splitters.hpp        : 197)   Memory available for splitting buffers: 0.624959 Gb
  0:00:37.348     4M / 676M  INFO    General                 (kmer_splitters.hpp        : 206)   Using cell size of 65536
  0:00:45.688    17G / 18G   INFO    General                 (kmer_splitters.hpp        : 235)   Processed 21996454 reads
  0:00:45.688    17G / 18G   INFO    General                 (kmer_splitters.hpp        : 241)   Adding contigs from previous K
  0:00:45.689    17G / 18G   INFO    General                 (kmer_splitters.hpp        : 252)   Used 21996454 reads. Maximum read length 90
  0:00:45.689    17G / 18G   INFO    General                 (kmer_splitters.hpp        : 253)   Average read length 89.9999
  0:00:46.722   128M / 18G   INFO    General                 (kmer_index.hpp            : 342)   Starting k-mer counting.
  0:00:47.152   128M / 18G   INFO    General                 (kmer_index.hpp            : 348)   K-mer counting done. There are 6131196 kmers in total.
  0:00:47.152   128M / 18G   INFO    General                 (kmer_index.hpp            : 350)   Merging temporary buckets.
  0:00:47.240   128M / 18G   INFO   K-mer Index Building     (kmer_index.hpp            : 464)   Building kmer index
  0:00:47.240   128M / 18G   INFO    General                 (kmer_splitters.hpp        : 386)   Splitting kmer instances into 512 buckets. This might take a while.
  0:00:47.241   128M / 18G   INFO    General                 (file_limit.hpp            :  30)   Open file limit set to 1048576
  0:00:47.241   128M / 18G   INFO    General                 (kmer_splitters.hpp        : 404)   Memory available for splitting buffers: 0.623698 Gb
  0:00:47.241   128M / 18G   INFO    General                 (kmer_splitters.hpp        : 412)   Using cell size of 131072
  0:00:48.232    17G / 18G   INFO    General                 (kmer_splitters.hpp        : 435)   Processed 6131196 kmers
  0:00:48.233    17G / 18G   INFO    General                 (kmer_splitters.hpp        : 444)   Used 6131196 kmers.
  0:00:48.484   128M / 18G   INFO    General                 (kmer_index.hpp            : 342)   Starting k-mer counting.
  0:00:48.776   128M / 18G   INFO    General                 (kmer_index.hpp            : 348)   K-mer counting done. There are 6131803 kmers in total.
  0:00:48.776   128M / 18G   INFO    General                 (kmer_index.hpp            : 350)   Merging temporary buckets.
  0:00:48.839   128M / 18G   INFO   K-mer Index Building     (kmer_index.hpp            : 473)   Building perfect hash indices
  0:00:49.045   128M / 18G   INFO    General                 (kmer_index.hpp            : 368)   Merging final buckets.
  0:00:49.083   128M / 18G   INFO   K-mer Index Building     (kmer_index.hpp            : 521)   Index built. Total 2003496 bytes occupied (2.61391 bits per kmer).
  0:00:49.089   136M / 18G   INFO   DeBruijnExtensionIndexBu (kmer_extension_index.hpp  : 391)   Building k-mer extensions from k+1-mers
  0:00:49.448   136M / 18G   INFO   DeBruijnExtensionIndexBu (kmer_extension_index.hpp  : 395)   Building k-mer extensions from k+1-mers finished.
  0:00:49.448   136M / 18G   INFO   Early tip clipping       (early_simplification.hpp  : 243)   Early tip clipping
  0:00:57.610   136M / 18G   INFO   Early tip clipping       (early_simplification.hpp  : 246)   186329 22-mers were removed by early tip clipper
  0:00:57.610   136M / 18G   INFO    General                 (graph_construction.hpp    : 146)   Condensing graph
  0:00:57.611   136M / 18G   INFO   UnbranchingPathExtractor (debruijn_graph_constructor: 338)   Extracting unbranching paths
  0:00:59.558   140M / 18G   INFO   UnbranchingPathExtractor (debruijn_graph_constructor: 352)   Extracting unbranching paths finished. 61757 sequences extracted
  0:00:59.764   140M / 18G   INFO   UnbranchingPathExtractor (debruijn_graph_constructor: 312)   Collecting perfect loops
  0:01:01.267   140M / 18G   INFO   UnbranchingPathExtractor (debruijn_graph_constructor: 327)   Collecting perfect loops finished. 10 loops collected
  0:01:01.311   140M / 18G   INFO    General                 (graph_construction.hpp    : 151)   Building index with from graph
  0:01:01.312   140M / 18G   INFO   K-mer Index Building     (kmer_index.hpp            : 464)   Building kmer index
  0:01:01.312   140M / 18G   INFO    General                 (kmer_splitters.hpp        : 296)   Splitting kmer instances into 16 buckets. This might take a while.
  0:01:01.312   140M / 18G   INFO    General                 (file_limit.hpp            :  30)   Open file limit set to 1048576
  0:01:01.312   140M / 18G   INFO    General                 (kmer_splitters.hpp        : 314)   Memory available for splitting buffers: 19.9544 Gb
  0:01:01.312   140M / 18G   INFO    General                 (kmer_splitters.hpp        : 319)   Using cell size of 4194304
  0:01:01.864   716M / 18G   INFO    General                 (kmer_splitters.hpp        : 332)   Processed 61767 edges
  0:01:01.864   716M / 18G   INFO    General                 (kmer_splitters.hpp        : 337)   Used 61767 sequences.
  0:01:01.870   140M / 18G   INFO    General                 (kmer_index.hpp            : 342)   Starting k-mer counting.
  0:01:01.969   140M / 18G   INFO    General                 (kmer_index.hpp            : 348)   K-mer counting done. There are 5944867 kmers in total.
  0:01:01.969   140M / 18G   INFO    General                 (kmer_index.hpp            : 350)   Merging temporary buckets.
  0:01:02.000   140M / 18G   INFO   K-mer Index Building     (kmer_index.hpp            : 473)   Building perfect hash indices
  0:01:03.005   144M / 18G   INFO    General                 (kmer_index.hpp            : 368)   Merging final buckets.
  0:01:03.036   144M / 18G   INFO   K-mer Index Building     (kmer_index.hpp            : 521)   Index built. Total 1942432 bytes occupied (2.61393 bits per kmer).
  0:01:03.095   284M / 18G   INFO    General                 (edge_index_builders.hpp   :  28)   Collecting k-mer coverage information from graph, this takes a while.
  0:01:08.395   276M / 18G   INFO    General                 (graph_construction.hpp    : 183)   Filling coverage index
  0:01:08.395   276M / 18G   INFO    General                 (edge_index_builders.hpp   : 106)   Collecting k-mer coverage information from reads, this takes a while.
  0:01:27.455   276M / 18G   INFO    General                 (graph_construction.hpp    : 185)   Filling coverage and flanking coverage from index
  0:01:27.612   276M / 18G   INFO    General                 (construction.cpp          :  34)   Figured out: read length = 90
  0:01:27.612   272M / 18G   INFO   StageManager             (stage.cpp                 : 126)   STAGE == EC Threshold Finding
  0:01:27.858   276M / 18G   INFO    General                 (kmer_coverage_model.cpp   : 179)   Kmer coverage valley at: 3
  0:01:27.859   272M / 18G   INFO    General                 (kmer_coverage_model.cpp   : 199)   K-mer histogram maximum: 142
  0:01:27.859   272M / 18G   INFO    General                 (kmer_coverage_model.cpp   : 235)   Estimated median coverage: 142. Coverage mad: 51.891
  0:01:27.859   272M / 18G   INFO    General                 (kmer_coverage_model.cpp   : 262)   Fitting coverage model
  0:01:28.083   276M / 18G   INFO    General                 (kmer_coverage_model.cpp   : 297)   ... iteration 2
  0:01:28.692   276M / 18G   INFO    General                 (kmer_coverage_model.cpp   : 297)   ... iteration 4
  0:01:30.798   276M / 18G   INFO    General                 (kmer_coverage_model.cpp   : 297)   ... iteration 8
  0:01:34.640   272M / 18G   INFO    General                 (kmer_coverage_model.cpp   : 297)   ... iteration 16
  0:01:37.075   272M / 18G   INFO    General                 (kmer_coverage_model.cpp   : 310)   Fitted mean coverage: 138.201. Fitted coverage std. dev: 48.8887
  0:01:37.081   272M / 18G   INFO    General                 (kmer_coverage_model.cpp   : 335)   Probability of erroneous kmer at valley: 0.843114
  0:01:37.082   272M / 18G   INFO    General                 (kmer_coverage_model.cpp   : 359)   Preliminary threshold calculated as: 35
  0:01:37.082   272M / 18G   INFO    General                 (kmer_coverage_model.cpp   : 363)   Threshold adjusted to: 35
  0:01:37.082   272M / 18G   INFO    General                 (kmer_coverage_model.cpp   : 376)   Estimated genome size (ignoring repeats): 5167812
  0:01:37.082   272M / 18G   INFO    General                 (genomic_info_filler.cpp   : 105)   Mean coverage was calculated as 138.201
  0:01:37.082   272M / 18G   INFO    General                 (genomic_info_filler.cpp   : 119)   EC coverage threshold value was calculated as 35
  0:01:37.082   272M / 18G   INFO    General                 (genomic_info_filler.cpp   : 120)   Trusted kmer low bound: 0
  0:01:37.082   272M / 18G   INFO   StageManager             (stage.cpp                 : 126)   STAGE == Simplification
  0:01:37.087   132M / 18G   INFO    General                 (graph_simplification.hpp  : 970)   Graph simplification started
  0:01:37.087   132M / 18G   INFO    General                 (graph_simplification.hpp  : 973)   Fast simplification mode enabled
  0:01:37.087   132M / 18G   INFO    General                 (graph_simplification.hpp  : 695)   PROCEDURE == Presimplification
  0:01:37.087   132M / 18G   INFO    General                 (graph_simplification.hpp  : 213)   Removing short low covered self-conjugate connections
  0:01:37.092   132M / 18G   INFO    General                 (graph_simplification.hpp  : 406)   Removing isolated edges
  0:01:37.092   132M / 18G   INFO    General                 (graph_simplification.hpp  : 407)   All edges shorter than 90 will be removed
  0:01:37.092   132M / 18G   INFO    General                 (graph_simplification.hpp  : 408)   Also edges shorter than 0 and coverage smaller than 0 will be removed
  0:01:37.123   132M / 18G   INFO    General                 (graph_simplification.hpp  : 715)   Non parallel mode
  0:01:37.134   132M / 18G   INFO    General                 (graph_simplification.hpp  :  96)   Clipping tips
  0:01:37.159   132M / 18G   INFO    General                 (graph_simplification.hpp  : 190)   Removing low covered connections
  0:01:37.298   132M / 18G   INFO    General                 (graph_simplification.hpp  : 621)   Using permanent iterators
  0:01:37.298   132M / 18G   INFO    General                 (graph_simplification.hpp  : 925)   PROCEDURE == Simplification cycle, iteration 1
  0:01:37.304   132M / 18G   INFO    General                 (graph_simplification.hpp  :  96)   Clipping tips
  0:01:37.315   132M / 18G   INFO    General                 (graph_simplification.hpp  : 150)   Removing bulges
  0:01:37.452   132M / 18G   INFO    General                 (graph_simplification.hpp  : 190)   Removing low covered connections
  0:01:37.456   132M / 18G   INFO    General                 (graph_simplification.hpp  : 925)   PROCEDURE == Simplification cycle, iteration 2
  0:01:37.456   132M / 18G   INFO    General                 (graph_simplification.hpp  :  96)   Clipping tips
  0:01:37.456   132M / 18G   INFO    General                 (graph_simplification.hpp  : 150)   Removing bulges
  0:01:37.460   132M / 18G   INFO    General                 (graph_simplification.hpp  : 190)   Removing low covered connections
  0:01:37.463   132M / 18G   INFO    General                 (graph_simplification.hpp  : 925)   PROCEDURE == Simplification cycle, iteration 3
  0:01:37.463   132M / 18G   INFO    General                 (graph_simplification.hpp  :  96)   Clipping tips
  0:01:37.463   132M / 18G   INFO    General                 (graph_simplification.hpp  : 150)   Removing bulges
  0:01:37.467   132M / 18G   INFO    General                 (graph_simplification.hpp  : 190)   Removing low covered connections
  0:01:37.467   132M / 18G   INFO    General                 (graph_simplification.hpp  : 925)   PROCEDURE == Simplification cycle, iteration 4
  0:01:37.467   132M / 18G   INFO    General                 (graph_simplification.hpp  :  96)   Clipping tips
  0:01:37.468   132M / 18G   INFO    General                 (graph_simplification.hpp  : 150)   Removing bulges
  0:01:37.469   132M / 18G   INFO    General                 (graph_simplification.hpp  : 190)   Removing low covered connections
  0:01:37.469   132M / 18G   INFO    General                 (graph_simplification.hpp  : 925)   PROCEDURE == Simplification cycle, iteration 5
  0:01:37.469   132M / 18G   INFO    General                 (graph_simplification.hpp  :  96)   Clipping tips
  0:01:37.469   132M / 18G   INFO    General                 (graph_simplification.hpp  : 150)   Removing bulges
  0:01:37.470   132M / 18G   INFO    General                 (graph_simplification.hpp  : 190)   Removing low covered connections
  0:01:37.470   132M / 18G   INFO    General                 (graph_simplification.hpp  : 925)   PROCEDURE == Simplification cycle, iteration 6
  0:01:37.470   132M / 18G   INFO    General                 (graph_simplification.hpp  :  96)   Clipping tips
  0:01:37.470   132M / 18G   INFO    General                 (graph_simplification.hpp  : 150)   Removing bulges
  0:01:37.470   132M / 18G   INFO    General                 (graph_simplification.hpp  : 190)   Removing low covered connections
  0:01:37.470   132M / 18G   INFO    General                 (graph_simplification.hpp  : 925)   PROCEDURE == Simplification cycle, iteration 7
  0:01:37.470   132M / 18G   INFO    General                 (graph_simplification.hpp  :  96)   Clipping tips
  0:01:37.470   132M / 18G   INFO    General                 (graph_simplification.hpp  : 150)   Removing bulges
  0:01:37.470   132M / 18G   INFO    General                 (graph_simplification.hpp  : 190)   Removing low covered connections
  0:01:37.470   132M / 18G   INFO    General                 (graph_simplification.hpp  : 925)   PROCEDURE == Simplification cycle, iteration 8
  0:01:37.470   132M / 18G   INFO    General                 (graph_simplification.hpp  :  96)   Clipping tips
  0:01:37.470   132M / 18G   INFO    General                 (graph_simplification.hpp  : 150)   Removing bulges
  0:01:37.470   132M / 18G   INFO    General                 (graph_simplification.hpp  : 190)   Removing low covered connections
  0:01:37.471   132M / 18G   INFO    General                 (graph_simplification.hpp  : 925)   PROCEDURE == Simplification cycle, iteration 9
  0:01:37.471   132M / 18G   INFO    General                 (graph_simplification.hpp  :  96)   Clipping tips
  0:01:37.471   132M / 18G   INFO    General                 (graph_simplification.hpp  : 150)   Removing bulges
  0:01:37.471   132M / 18G   INFO    General                 (graph_simplification.hpp  : 190)   Removing low covered connections
  0:01:37.471   132M / 18G   INFO    General                 (graph_simplification.hpp  : 925)   PROCEDURE == Simplification cycle, iteration 10
  0:01:37.471   132M / 18G   INFO    General                 (graph_simplification.hpp  :  96)   Clipping tips
  0:01:37.471   132M / 18G   INFO    General                 (graph_simplification.hpp  : 150)   Removing bulges
  0:01:37.471   132M / 18G   INFO    General                 (graph_simplification.hpp  : 190)   Removing low covered connections
  0:01:37.471   132M / 18G   INFO    General                 (graph_simplification.hpp  : 839)   PROCEDURE == Post simplification
  0:01:37.471   132M / 18G   INFO    General                 (graph_simplification.hpp  : 621)   Using permanent iterators
  0:01:37.471   132M / 18G   INFO    General                 (graph_simplification.hpp  : 856)   Iteration 0
  0:01:37.471   132M / 18G   INFO    General                 (graph_simplification.hpp  : 255)   Removal of relatively low covered connections disabled
  0:01:37.471   132M / 18G   INFO    General                 (graph_simplification.hpp  : 530)   Complex tip clipping disabled
  0:01:37.473   132M / 18G   INFO    General                 (graph_simplification.hpp  :  96)   Clipping tips
  0:01:37.476   132M / 18G   INFO    General                 (graph_simplification.hpp  : 150)   Removing bulges
  0:01:37.482   132M / 18G   INFO    General                 (graph_simplification.hpp  : 856)   Iteration 1
  0:01:37.482   132M / 18G   INFO    General                 (graph_simplification.hpp  : 255)   Removal of relatively low covered connections disabled
  0:01:37.482   132M / 18G   INFO    General                 (graph_simplification.hpp  : 530)   Complex tip clipping disabled
  0:01:37.482   132M / 18G   INFO    General                 (graph_simplification.hpp  :  96)   Clipping tips
  0:01:37.482   132M / 18G   INFO    General                 (graph_simplification.hpp  : 150)   Removing bulges
  0:01:37.483   132M / 18G   INFO   StageManager             (stage.cpp                 : 126)   STAGE == Simplification Cleanup
  0:01:37.483   132M / 18G   INFO    General                 (graph_simplification.hpp  : 406)   Removing isolated edges
  0:01:37.483   132M / 18G   INFO    General                 (graph_simplification.hpp  : 407)   All edges shorter than 150 will be removed
  0:01:37.483   132M / 18G   INFO    General                 (graph_simplification.hpp  : 408)   Also edges shorter than 0 and coverage smaller than 2 will be removed
  0:01:37.487   132M / 18G   INFO    General                 (simplification.cpp        :  75)   Removing all the edges having coverage 0 and less
  0:01:37.493   132M / 18G   INFO    General                 (simplification.cpp        :  87)   Counting average coverage
  0:01:37.493   132M / 18G   INFO    General                 (simplification.cpp        :  90)   Average coverage = 145.548
  0:01:37.493   132M / 18G   INFO   StageManager             (stage.cpp                 : 126)   STAGE == Contig Output
  0:01:37.493   132M / 18G   INFO    General                 (contig_output.hpp         : 283)   Outputting contigs to /data/scratch/spades/output//K21/simplified_contigs.fasta
  0:01:37.591   132M / 18G   INFO    General                 (contig_output.hpp         : 283)   Outputting contigs to /data/scratch/spades/output//K21/before_rr.fasta
  0:01:37.881   132M / 18G   INFO    General                 (contig_output.hpp         : 283)   Outputting contigs to /data/scratch/spades/output//K21/final_contigs.fasta
  0:01:38.192   132M / 18G   INFO    General                 (launch.hpp                : 107)   SPAdes finished
  0:01:38.207   128M / 18G   INFO    General                 (main.cpp                  : 167)   Assembling time: 0 hours 1 minutes 38 seconds

== Running assembler: K33

  0:00:00.000     4M / 4M    INFO    General                 (memory_limit.hpp          :  43)   Memory limit set to 60 Gb
  0:00:00.000     4M / 4M    INFO    General                 (main.cpp                  : 147)   Assembling dataset (/data/scratch/spades/output/dataset.info) with K=33
  0:00:00.000     4M / 4M    INFO    General                 (launch.hpp                :  30)   SPAdes started
  0:00:00.000     4M / 4M    INFO    General                 (launch.hpp                :  31)   Starting from stage: construction
  0:00:00.000     4M / 4M    INFO    General                 (launch.hpp                :  34)   Two-step RR enabled: 0
  0:00:00.000     4M / 4M    INFO   StageManager             (stage.cpp                 : 126)   STAGE == Construction
  0:00:00.000     4M / 4M    INFO    General                 (construction.cpp          :  45)   Contigs from previous K will be used
  0:00:00.000     4M / 4M    INFO    General                 (read_converter.hpp        :  49)   Binary reads detected
  0:00:00.001     4M / 4M    INFO    General                 (graph_construction.hpp    : 130)   Constructing DeBruijn graph for k=33
  0:00:00.001     4M / 4M    INFO    General                 (kmer_splitters.hpp        : 179)   Splitting kmer instances into 1024 buckets. This might take a while.
  0:00:00.001     4M / 4M    INFO    General                 (file_limit.hpp            :  30)   Open file limit set to 1048576
  0:00:00.001     4M / 4M    INFO    General                 (kmer_splitters.hpp        : 197)   Memory available for splitting buffers: 0.624959 Gb
  0:00:00.001     4M / 4M    INFO    General                 (kmer_splitters.hpp        : 206)   Using cell size of 32768
  0:00:08.225    17G / 18G   INFO    General                 (kmer_splitters.hpp        : 235)   Processed 21996454 reads
  0:00:08.225    17G / 18G   INFO    General                 (kmer_splitters.hpp        : 241)   Adding contigs from previous K
  0:00:09.117    17G / 18G   INFO    General                 (kmer_splitters.hpp        : 252)   Used 21996454 reads. Maximum read length 90
  0:00:09.118    17G / 18G   INFO    General                 (kmer_splitters.hpp        : 253)   Average read length 89.9999
  0:00:10.174   128M / 18G   INFO    General                 (kmer_index.hpp            : 342)   Starting k-mer counting.
  0:00:12.262   128M / 18G   INFO    General                 (kmer_index.hpp            : 348)   K-mer counting done. There are 6098574 kmers in total.
  0:00:12.263   128M / 18G   INFO    General                 (kmer_index.hpp            : 350)   Merging temporary buckets.
  0:00:12.381   128M / 18G   INFO   K-mer Index Building     (kmer_index.hpp            : 464)   Building kmer index
  0:00:12.381   128M / 18G   INFO    General                 (kmer_splitters.hpp        : 386)   Splitting kmer instances into 512 buckets. This might take a while.
  0:00:12.381   128M / 18G   INFO    General                 (file_limit.hpp            :  30)   Open file limit set to 1048576
  0:00:12.381   128M / 18G   INFO    General                 (kmer_splitters.hpp        : 404)   Memory available for splitting buffers: 0.623698 Gb
  0:00:12.381   128M / 18G   INFO    General                 (kmer_splitters.hpp        : 412)   Using cell size of 65536
  0:00:13.358    17G / 18G   INFO    General                 (kmer_splitters.hpp        : 435)   Processed 6098574 kmers
  0:00:13.358    17G / 18G   INFO    General                 (kmer_splitters.hpp        : 444)   Used 6098574 kmers.
  0:00:13.620   128M / 18G   INFO    General                 (kmer_index.hpp            : 342)   Starting k-mer counting.
  0:00:13.866   128M / 18G   INFO    General                 (kmer_index.hpp            : 348)   K-mer counting done. There are 6102682 kmers in total.
  0:00:13.866   128M / 18G   INFO    General                 (kmer_index.hpp            : 350)   Merging temporary buckets.
  0:00:13.974   128M / 18G   INFO   K-mer Index Building     (kmer_index.hpp            : 473)   Building perfect hash indices
  0:00:14.176   128M / 18G   INFO    General                 (kmer_index.hpp            : 368)   Merging final buckets.
  0:00:14.243   128M / 18G   INFO   K-mer Index Building     (kmer_index.hpp            : 521)   Index built. Total 1994000 bytes occupied (2.61393 bits per kmer).
  0:00:14.249   136M / 18G   INFO   DeBruijnExtensionIndexBu (kmer_extension_index.hpp  : 391)   Building k-mer extensions from k+1-mers
  0:00:14.569   136M / 18G   INFO   DeBruijnExtensionIndexBu (kmer_extension_index.hpp  : 395)   Building k-mer extensions from k+1-mers finished.
  0:00:14.569   136M / 18G   INFO   Early tip clipping       (early_simplification.hpp  : 243)   Early tip clipping
  0:00:22.825   136M / 18G   INFO   Early tip clipping       (early_simplification.hpp  : 246)   227067 34-mers were removed by early tip clipper
  0:00:22.825   136M / 18G   INFO    General                 (graph_construction.hpp    : 146)   Condensing graph
  0:00:22.825   136M / 18G   INFO   UnbranchingPathExtractor (debruijn_graph_constructor: 338)   Extracting unbranching paths
  0:00:24.858   140M / 18G   INFO   UnbranchingPathExtractor (debruijn_graph_constructor: 352)   Extracting unbranching paths finished. 43708 sequences extracted
  0:00:25.052   140M / 18G   INFO   UnbranchingPathExtractor (debruijn_graph_constructor: 312)   Collecting perfect loops
  0:00:26.554   140M / 18G   INFO   UnbranchingPathExtractor (debruijn_graph_constructor: 327)   Collecting perfect loops finished. 6 loops collected
  0:00:26.594   140M / 18G   INFO    General                 (graph_construction.hpp    : 151)   Building index with from graph
  0:00:26.594   140M / 18G   INFO   K-mer Index Building     (kmer_index.hpp            : 464)   Building kmer index
  0:00:26.594   140M / 18G   INFO    General                 (kmer_splitters.hpp        : 296)   Splitting kmer instances into 16 buckets. This might take a while.
  0:00:26.594   140M / 18G   INFO    General                 (file_limit.hpp            :  30)   Open file limit set to 1048576
  0:00:26.594   140M / 18G   INFO    General                 (kmer_splitters.hpp        : 314)   Memory available for splitting buffers: 19.9544 Gb
  0:00:26.594   140M / 18G   INFO    General                 (kmer_splitters.hpp        : 319)   Using cell size of 2097152
  0:00:27.242   716M / 18G   INFO    General                 (kmer_splitters.hpp        : 332)   Processed 43714 edges
  0:00:27.243   716M / 18G   INFO    General                 (kmer_splitters.hpp        : 337)   Used 43714 sequences.
  0:00:27.251   140M / 18G   INFO    General                 (kmer_index.hpp            : 342)   Starting k-mer counting.
  0:00:27.395   140M / 18G   INFO    General                 (kmer_index.hpp            : 348)   K-mer counting done. There are 5871507 kmers in total.
  0:00:27.395   140M / 18G   INFO    General                 (kmer_index.hpp            : 350)   Merging temporary buckets.
  0:00:27.454   140M / 18G   INFO   K-mer Index Building     (kmer_index.hpp            : 473)   Building perfect hash indices
  0:00:28.402   140M / 18G   INFO    General                 (kmer_index.hpp            : 368)   Merging final buckets.
  0:00:28.460   140M / 18G   INFO   K-mer Index Building     (kmer_index.hpp            : 521)   Index built. Total 1918456 bytes occupied (2.61392 bits per kmer).
  0:00:28.518   276M / 18G   INFO    General                 (edge_index_builders.hpp   :  28)   Collecting k-mer coverage information from graph, this takes a while.
  0:00:34.008   268M / 18G   INFO    General                 (graph_construction.hpp    : 183)   Filling coverage index
  0:00:34.008   268M / 18G   INFO    General                 (edge_index_builders.hpp   : 106)   Collecting k-mer coverage information from reads, this takes a while.
  0:00:51.776   268M / 18G   INFO    General                 (graph_construction.hpp    : 185)   Filling coverage and flanking coverage from index
  0:00:51.898   268M / 18G   INFO    General                 (construction.cpp          :  34)   Figured out: read length = 90
  0:00:51.898   268M / 18G   INFO   StageManager             (stage.cpp                 : 126)   STAGE == EC Threshold Finding
  0:00:52.134   268M / 18G   INFO    General                 (kmer_coverage_model.cpp   : 179)   Kmer coverage valley at: 3
  0:00:52.134   268M / 18G   INFO    General                 (kmer_coverage_model.cpp   : 199)   K-mer histogram maximum: 116
  0:00:52.134   268M / 18G   INFO    General                 (kmer_coverage_model.cpp   : 235)   Estimated median coverage: 116. Coverage mad: 44.478
  0:00:52.134   268M / 18G   INFO    General                 (kmer_coverage_model.cpp   : 262)   Fitting coverage model
  0:00:52.321   268M / 18G   INFO    General                 (kmer_coverage_model.cpp   : 297)   ... iteration 2
  0:00:52.823   268M / 18G   INFO    General                 (kmer_coverage_model.cpp   : 297)   ... iteration 4
  0:00:54.525   268M / 18G   INFO    General                 (kmer_coverage_model.cpp   : 297)   ... iteration 8
  0:00:57.760   268M / 18G   INFO    General                 (kmer_coverage_model.cpp   : 297)   ... iteration 16
  0:00:59.366   268M / 18G   INFO    General                 (kmer_coverage_model.cpp   : 310)   Fitted mean coverage: 114.15. Fitted coverage std. dev: 41.525
  0:00:59.371   268M / 18G   INFO    General                 (kmer_coverage_model.cpp   : 335)   Probability of erroneous kmer at valley: 0.787928
  0:00:59.371   268M / 18G   INFO    General                 (kmer_coverage_model.cpp   : 359)   Preliminary threshold calculated as: 29
  0:00:59.371   268M / 18G   INFO    General                 (kmer_coverage_model.cpp   : 363)   Threshold adjusted to: 29
  0:00:59.371   268M / 18G   INFO    General                 (kmer_coverage_model.cpp   : 376)   Estimated genome size (ignoring repeats): 5176751
  0:00:59.371   268M / 18G   INFO    General                 (genomic_info_filler.cpp   : 105)   Mean coverage was calculated as 114.15
  0:00:59.371   268M / 18G   INFO    General                 (genomic_info_filler.cpp   : 119)   EC coverage threshold value was calculated as 29
  0:00:59.371   268M / 18G   INFO    General                 (genomic_info_filler.cpp   : 120)   Trusted kmer low bound: 0
  0:00:59.371   268M / 18G   INFO   StageManager             (stage.cpp                 : 126)   STAGE == Simplification
  0:00:59.377   132M / 18G   INFO    General                 (graph_simplification.hpp  : 970)   Graph simplification started
  0:00:59.377   132M / 18G   INFO    General                 (graph_simplification.hpp  : 973)   Fast simplification mode enabled
  0:00:59.378   132M / 18G   INFO    General                 (graph_simplification.hpp  : 695)   PROCEDURE == Presimplification
  0:00:59.378   132M / 18G   INFO    General                 (graph_simplification.hpp  : 213)   Removing short low covered self-conjugate connections
  0:00:59.382   132M / 18G   INFO    General                 (graph_simplification.hpp  : 406)   Removing isolated edges
  0:00:59.382   132M / 18G   INFO    General                 (graph_simplification.hpp  : 407)   All edges shorter than 90 will be removed
  0:00:59.382   132M / 18G   INFO    General                 (graph_simplification.hpp  : 408)   Also edges shorter than 0 and coverage smaller than 0 will be removed
  0:00:59.413   132M / 18G   INFO    General                 (graph_simplification.hpp  : 715)   Non parallel mode
  0:00:59.419   132M / 18G   INFO    General                 (graph_simplification.hpp  :  96)   Clipping tips
  0:00:59.436   132M / 18G   INFO    General                 (graph_simplification.hpp  : 190)   Removing low covered connections
  0:00:59.537   132M / 18G   INFO    General                 (graph_simplification.hpp  : 621)   Using permanent iterators
  0:00:59.537   132M / 18G   INFO    General                 (graph_simplification.hpp  : 925)   PROCEDURE == Simplification cycle, iteration 1
  0:00:59.541   132M / 18G   INFO    General                 (graph_simplification.hpp  :  96)   Clipping tips
  0:00:59.548   132M / 18G   INFO    General                 (graph_simplification.hpp  : 150)   Removing bulges
  0:00:59.672   132M / 18G   INFO    General                 (graph_simplification.hpp  : 190)   Removing low covered connections
  0:00:59.676   132M / 18G   INFO    General                 (graph_simplification.hpp  : 925)   PROCEDURE == Simplification cycle, iteration 2
  0:00:59.676   132M / 18G   INFO    General                 (graph_simplification.hpp  :  96)   Clipping tips
  0:00:59.676   132M / 18G   INFO    General                 (graph_simplification.hpp  : 150)   Removing bulges
  0:00:59.678   132M / 18G   INFO    General                 (graph_simplification.hpp  : 190)   Removing low covered connections
  0:00:59.682   132M / 18G   INFO    General                 (graph_simplification.hpp  : 925)   PROCEDURE == Simplification cycle, iteration 3
  0:00:59.682   132M / 18G   INFO    General                 (graph_simplification.hpp  :  96)   Clipping tips
  0:00:59.682   132M / 18G   INFO    General                 (graph_simplification.hpp  : 150)   Removing bulges
  0:00:59.688   132M / 18G   INFO    General                 (graph_simplification.hpp  : 190)   Removing low covered connections
  0:00:59.690   132M / 18G   INFO    General                 (graph_simplification.hpp  : 925)   PROCEDURE == Simplification cycle, iteration 4
  0:00:59.690   132M / 18G   INFO    General                 (graph_simplification.hpp  :  96)   Clipping tips
  0:00:59.690   132M / 18G   INFO    General                 (graph_simplification.hpp  : 150)   Removing bulges
  0:00:59.691   132M / 18G   INFO    General                 (graph_simplification.hpp  : 190)   Removing low covered connections
  0:00:59.692   132M / 18G   INFO    General                 (graph_simplification.hpp  : 925)   PROCEDURE == Simplification cycle, iteration 5
  0:00:59.692   132M / 18G   INFO    General                 (graph_simplification.hpp  :  96)   Clipping tips
  0:00:59.692   132M / 18G   INFO    General                 (graph_simplification.hpp  : 150)   Removing bulges
  0:00:59.692   132M / 18G   INFO    General                 (graph_simplification.hpp  : 190)   Removing low covered connections
  0:00:59.693   132M / 18G   INFO    General                 (graph_simplification.hpp  : 925)   PROCEDURE == Simplification cycle, iteration 6
  0:00:59.693   132M / 18G   INFO    General                 (graph_simplification.hpp  :  96)   Clipping tips
  0:00:59.693   132M / 18G   INFO    General                 (graph_simplification.hpp  : 150)   Removing bulges
  0:00:59.693   132M / 18G   INFO    General                 (graph_simplification.hpp  : 190)   Removing low covered connections
  0:00:59.693   132M / 18G   INFO    General                 (graph_simplification.hpp  : 925)   PROCEDURE == Simplification cycle, iteration 7
  0:00:59.693   132M / 18G   INFO    General                 (graph_simplification.hpp  :  96)   Clipping tips
  0:00:59.693   132M / 18G   INFO    General                 (graph_simplification.hpp  : 150)   Removing bulges
  0:00:59.694   132M / 18G   INFO    General                 (graph_simplification.hpp  : 190)   Removing low covered connections
  0:00:59.694   132M / 18G   INFO    General                 (graph_simplification.hpp  : 925)   PROCEDURE == Simplification cycle, iteration 8
  0:00:59.694   132M / 18G   INFO    General                 (graph_simplification.hpp  :  96)   Clipping tips
  0:00:59.694   132M / 18G   INFO    General                 (graph_simplification.hpp  : 150)   Removing bulges
  0:00:59.694   132M / 18G   INFO    General                 (graph_simplification.hpp  : 190)   Removing low covered connections
  0:00:59.695   132M / 18G   INFO    General                 (graph_simplification.hpp  : 925)   PROCEDURE == Simplification cycle, iteration 9
  0:00:59.695   132M / 18G   INFO    General                 (graph_simplification.hpp  :  96)   Clipping tips
  0:00:59.695   132M / 18G   INFO    General                 (graph_simplification.hpp  : 150)   Removing bulges
  0:00:59.695   132M / 18G   INFO    General                 (graph_simplification.hpp  : 190)   Removing low covered connections
  0:00:59.695   132M / 18G   INFO    General                 (graph_simplification.hpp  : 925)   PROCEDURE == Simplification cycle, iteration 10
  0:00:59.695   132M / 18G   INFO    General                 (graph_simplification.hpp  :  96)   Clipping tips
  0:00:59.695   132M / 18G   INFO    General                 (graph_simplification.hpp  : 150)   Removing bulges
  0:00:59.695   132M / 18G   INFO    General                 (graph_simplification.hpp  : 190)   Removing low covered connections
  0:00:59.695   132M / 18G   INFO    General                 (graph_simplification.hpp  : 839)   PROCEDURE == Post simplification
  0:00:59.695   132M / 18G   INFO    General                 (graph_simplification.hpp  : 621)   Using permanent iterators
  0:00:59.695   132M / 18G   INFO    General                 (graph_simplification.hpp  : 856)   Iteration 0
  0:00:59.695   132M / 18G   INFO    General                 (graph_simplification.hpp  : 255)   Removal of relatively low covered connections disabled
  0:00:59.695   132M / 18G   INFO    General                 (graph_simplification.hpp  : 530)   Complex tip clipping disabled
  0:00:59.696   132M / 18G   INFO    General                 (graph_simplification.hpp  :  96)   Clipping tips
  0:00:59.698   132M / 18G   INFO    General                 (graph_simplification.hpp  : 150)   Removing bulges
  0:00:59.700   132M / 18G   INFO    General                 (graph_simplification.hpp  : 856)   Iteration 1
  0:00:59.700   132M / 18G   INFO    General                 (graph_simplification.hpp  : 255)   Removal of relatively low covered connections disabled
  0:00:59.700   132M / 18G   INFO    General                 (graph_simplification.hpp  : 530)   Complex tip clipping disabled
  0:00:59.700   132M / 18G   INFO    General                 (graph_simplification.hpp  :  96)   Clipping tips
  0:00:59.700   132M / 18G   INFO    General                 (graph_simplification.hpp  : 150)   Removing bulges
  0:00:59.701   132M / 18G   INFO   StageManager             (stage.cpp                 : 126)   STAGE == Simplification Cleanup
  0:00:59.701   132M / 18G   INFO    General                 (graph_simplification.hpp  : 406)   Removing isolated edges
  0:00:59.701   132M / 18G   INFO    General                 (graph_simplification.hpp  : 407)   All edges shorter than 150 will be removed
  0:00:59.701   132M / 18G   INFO    General                 (graph_simplification.hpp  : 408)   Also edges shorter than 0 and coverage smaller than 2 will be removed
  0:00:59.708   132M / 18G   INFO    General                 (simplification.cpp        :  75)   Removing all the edges having coverage 0 and less
  0:00:59.710   132M / 18G   INFO    General                 (simplification.cpp        :  87)   Counting average coverage
  0:00:59.711   132M / 18G   INFO    General                 (simplification.cpp        :  90)   Average coverage = 119.321
  0:00:59.711   132M / 18G   INFO   StageManager             (stage.cpp                 : 126)   STAGE == Contig Output
  0:00:59.711   132M / 18G   INFO    General                 (contig_output.hpp         : 283)   Outputting contigs to /data/scratch/spades/output//K33/simplified_contigs.fasta
  0:00:59.802   132M / 18G   INFO    General                 (contig_output.hpp         : 283)   Outputting contigs to /data/scratch/spades/output//K33/before_rr.fasta
  0:01:00.074   132M / 18G   INFO    General                 (contig_output.hpp         : 283)   Outputting contigs to /data/scratch/spades/output//K33/final_contigs.fasta
  0:01:00.348   132M / 18G   INFO    General                 (launch.hpp                : 107)   SPAdes finished
  0:01:00.366   128M / 18G   INFO    General                 (main.cpp                  : 167)   Assembling time: 0 hours 1 minutes 0 seconds

== Running assembler: K55

  0:00:00.000     4M / 4M    INFO    General                 (memory_limit.hpp          :  43)   Memory limit set to 60 Gb
  0:00:00.000     4M / 4M    INFO    General                 (main.cpp                  : 147)   Assembling dataset (/data/scratch/spades/output/dataset.info) with K=55
  0:00:00.000     4M / 4M    INFO    General                 (launch.hpp                :  30)   SPAdes started
  0:00:00.000     4M / 4M    INFO    General                 (launch.hpp                :  31)   Starting from stage: construction
  0:00:00.000     4M / 4M    INFO    General                 (launch.hpp                :  34)   Two-step RR enabled: 0
  0:00:00.000     4M / 4M    INFO    General                 (launch.hpp                :  53)   Will need read mapping, kmer mapper will be attached
  0:00:00.000     4M / 4M    INFO   StageManager             (stage.cpp                 : 126)   STAGE == Construction
  0:00:00.000     4M / 4M    INFO    General                 (construction.cpp          :  45)   Contigs from previous K will be used
  0:00:00.000     4M / 4M    INFO    General                 (read_converter.hpp        :  49)   Binary reads detected
  0:00:00.001     4M / 4M    INFO    General                 (graph_construction.hpp    : 130)   Constructing DeBruijn graph for k=55
  0:00:00.001     4M / 4M    INFO    General                 (kmer_splitters.hpp        : 179)   Splitting kmer instances into 1024 buckets. This might take a while.
  0:00:00.001     4M / 4M    INFO    General                 (file_limit.hpp            :  30)   Open file limit set to 1048576
  0:00:00.001     4M / 4M    INFO    General                 (kmer_splitters.hpp        : 197)   Memory available for splitting buffers: 0.624959 Gb
  0:00:00.002     4M / 4M    INFO    General                 (kmer_splitters.hpp        : 206)   Using cell size of 32768
  0:00:06.307    17G / 18G   INFO    General                 (kmer_splitters.hpp        : 235)   Processed 21996454 reads
  0:00:06.307    17G / 18G   INFO    General                 (kmer_splitters.hpp        : 241)   Adding contigs from previous K
  0:00:07.098    17G / 18G   INFO    General                 (kmer_splitters.hpp        : 252)   Used 21996454 reads. Maximum read length 90
  0:00:07.099    17G / 18G   INFO    General                 (kmer_splitters.hpp        : 253)   Average read length 89.9999
  0:00:08.165   128M / 18G   INFO    General                 (kmer_index.hpp            : 342)   Starting k-mer counting.
  0:00:10.293   128M / 18G   INFO    General                 (kmer_index.hpp            : 348)   K-mer counting done. There are 5955638 kmers in total.
  0:00:10.293   128M / 18G   INFO    General                 (kmer_index.hpp            : 350)   Merging temporary buckets.
  0:00:10.409   128M / 18G   INFO   K-mer Index Building     (kmer_index.hpp            : 464)   Building kmer index
  0:00:10.409   128M / 18G   INFO    General                 (kmer_splitters.hpp        : 386)   Splitting kmer instances into 512 buckets. This might take a while.
  0:00:10.410   128M / 18G   INFO    General                 (file_limit.hpp            :  30)   Open file limit set to 1048576
  0:00:10.410   128M / 18G   INFO    General                 (kmer_splitters.hpp        : 404)   Memory available for splitting buffers: 0.623698 Gb
  0:00:10.410   128M / 18G   INFO    General                 (kmer_splitters.hpp        : 412)   Using cell size of 65536
  0:00:11.361    17G / 18G   INFO    General                 (kmer_splitters.hpp        : 435)   Processed 5955638 kmers
  0:00:11.361    17G / 18G   INFO    General                 (kmer_splitters.hpp        : 444)   Used 5955638 kmers.
  0:00:11.624   128M / 18G   INFO    General                 (kmer_index.hpp            : 342)   Starting k-mer counting.
  0:00:11.799   128M / 18G   INFO    General                 (kmer_index.hpp            : 348)   K-mer counting done. There are 5963998 kmers in total.
  0:00:11.800   128M / 18G   INFO    General                 (kmer_index.hpp            : 350)   Merging temporary buckets.
  0:00:11.887   128M / 18G   INFO   K-mer Index Building     (kmer_index.hpp            : 473)   Building perfect hash indices
  0:00:12.054   128M / 18G   INFO    General                 (kmer_index.hpp            : 368)   Merging final buckets.
  0:00:12.120   128M / 18G   INFO   K-mer Index Building     (kmer_index.hpp            : 521)   Index built. Total 1948688 bytes occupied (2.61394 bits per kmer).
  0:00:12.125   136M / 18G   INFO   DeBruijnExtensionIndexBu (kmer_extension_index.hpp  : 391)   Building k-mer extensions from k+1-mers
  0:00:12.469   136M / 18G   INFO   DeBruijnExtensionIndexBu (kmer_extension_index.hpp  : 395)   Building k-mer extensions from k+1-mers finished.
  0:00:12.471   136M / 18G   INFO    General                 (graph_construction.hpp    : 146)   Condensing graph
  0:00:12.471   136M / 18G   INFO   UnbranchingPathExtractor (debruijn_graph_constructor: 338)   Extracting unbranching paths
  0:00:14.424   160M / 18G   INFO   UnbranchingPathExtractor (debruijn_graph_constructor: 352)   Extracting unbranching paths finished. 252489 sequences extracted
  0:00:14.733   160M / 18G   INFO   UnbranchingPathExtractor (debruijn_graph_constructor: 312)   Collecting perfect loops
  0:00:16.201   160M / 18G   INFO   UnbranchingPathExtractor (debruijn_graph_constructor: 327)   Collecting perfect loops finished. 0 loops collected
  0:00:16.309   156M / 18G   INFO    General                 (graph_construction.hpp    : 151)   Building index with from graph
  0:00:16.309   156M / 18G   INFO   K-mer Index Building     (kmer_index.hpp            : 464)   Building kmer index
  0:00:16.309   156M / 18G   INFO    General                 (kmer_splitters.hpp        : 296)   Splitting kmer instances into 16 buckets. This might take a while.
  0:00:16.309   156M / 18G   INFO    General                 (file_limit.hpp            :  30)   Open file limit set to 1048576
  0:00:16.309   156M / 18G   INFO    General                 (kmer_splitters.hpp        : 314)   Memory available for splitting buffers: 19.9492 Gb
  0:00:16.309   156M / 18G   INFO    General                 (kmer_splitters.hpp        : 319)   Using cell size of 2097152
  0:00:17.023   732M / 18G   INFO    General                 (kmer_splitters.hpp        : 332)   Processed 252489 edges
  0:00:17.025   732M / 18G   INFO    General                 (kmer_splitters.hpp        : 337)   Used 252489 sequences.
  0:00:17.033   156M / 18G   INFO    General                 (kmer_index.hpp            : 342)   Starting k-mer counting.
  0:00:17.180   156M / 18G   INFO    General                 (kmer_index.hpp            : 348)   K-mer counting done. There are 5955638 kmers in total.
  0:00:17.180   156M / 18G   INFO    General                 (kmer_index.hpp            : 350)   Merging temporary buckets.
  0:00:17.240   156M / 18G   INFO   K-mer Index Building     (kmer_index.hpp            : 473)   Building perfect hash indices
  0:00:18.203   160M / 18G   INFO    General                 (kmer_index.hpp            : 368)   Merging final buckets.
  0:00:18.263   160M / 18G   INFO   K-mer Index Building     (kmer_index.hpp            : 521)   Index built. Total 1945976 bytes occupied (2.61396 bits per kmer).
  0:00:18.322   300M / 18G   INFO    General                 (edge_index_builders.hpp   :  28)   Collecting k-mer coverage information from graph, this takes a while.
  0:00:24.394   292M / 18G   INFO    General                 (graph_construction.hpp    : 183)   Filling coverage index
  0:00:24.394   292M / 18G   INFO    General                 (edge_index_builders.hpp   : 106)   Collecting k-mer coverage information from reads, this takes a while.
  0:00:37.346   292M / 18G   INFO    General                 (graph_construction.hpp    : 185)   Filling coverage and flanking coverage from index
  0:00:37.637   292M / 18G   INFO    General                 (construction.cpp          :  34)   Figured out: read length = 90
  0:00:37.638   292M / 18G   INFO   StageManager             (stage.cpp                 : 126)   STAGE == EC Threshold Finding
  0:00:37.857   292M / 18G   INFO    General                 (kmer_coverage_model.cpp   : 179)   Kmer coverage valley at: 5
  0:00:37.857   292M / 18G   INFO    General                 (kmer_coverage_model.cpp   : 199)   K-mer histogram maximum: 70
  0:00:37.857   292M / 18G   INFO    General                 (kmer_coverage_model.cpp   : 235)   Estimated median coverage: 70. Coverage mad: 29.652
  0:00:37.857   292M / 18G   INFO    General                 (kmer_coverage_model.cpp   : 262)   Fitting coverage model
  0:00:37.972   292M / 18G   INFO    General                 (kmer_coverage_model.cpp   : 297)   ... iteration 2
  0:00:38.284   292M / 18G   INFO    General                 (kmer_coverage_model.cpp   : 297)   ... iteration 4
  0:00:39.378   292M / 18G   INFO    General                 (kmer_coverage_model.cpp   : 297)   ... iteration 8
  0:00:41.356   292M / 18G   INFO    General                 (kmer_coverage_model.cpp   : 297)   ... iteration 16
  0:00:41.593   292M / 18G   INFO    General                 (kmer_coverage_model.cpp   : 310)   Fitted mean coverage: 70.0347. Fitted coverage std. dev: 26.7801
  0:00:41.596   292M / 18G   INFO    General                 (kmer_coverage_model.cpp   : 335)   Probability of erroneous kmer at valley: 0.461088
  0:00:41.596   292M / 18G   INFO    General                 (kmer_coverage_model.cpp   : 359)   Preliminary threshold calculated as: 20
  0:00:41.596   292M / 18G   INFO    General                 (kmer_coverage_model.cpp   : 363)   Threshold adjusted to: 20
  0:00:41.596   292M / 18G   INFO    General                 (kmer_coverage_model.cpp   : 376)   Estimated genome size (ignoring repeats): 5139244
  0:00:41.596   292M / 18G   INFO    General                 (genomic_info_filler.cpp   : 105)   Mean coverage was calculated as 70.0347
  0:00:41.596   288M / 18G   INFO    General                 (genomic_info_filler.cpp   : 119)   EC coverage threshold value was calculated as 20
  0:00:41.596   288M / 18G   INFO    General                 (genomic_info_filler.cpp   : 120)   Trusted kmer low bound: 0
  0:00:41.596   288M / 18G   INFO   StageManager             (stage.cpp                 : 126)   STAGE == Gap Closer
  0:00:41.596   292M / 18G   INFO    General                 (gap_closer.cpp            : 165)   Preparing shift maps
  0:00:41.691   300M / 18G   INFO    General                 (gap_closer.cpp            : 125)   Processing paired reads (takes a while)
  0:00:44.228   300M / 18G   INFO    General                 (gap_closer.cpp            : 144)   Used 10997812 paired reads
  0:00:44.228   300M / 18G   INFO    General                 (gap_closer.cpp            : 146)   Merging paired indices
  0:00:44.273   292M / 18G   INFO   GapCloser                (gap_closer.cpp            : 403)   Closing short gaps
  0:00:44.466   292M / 18G   INFO   GapCloser                (gap_closer.cpp            : 432)   Closing short gaps complete: filled 10 gaps after checking 353 candidates
  0:00:44.502   292M / 18G   INFO   StageManager             (stage.cpp                 : 126)   STAGE == Simplification
  0:00:44.508   148M / 18G   INFO    General                 (graph_simplification.hpp  : 970)   Graph simplification started
  0:00:44.508   148M / 18G   INFO    General                 (graph_simplification.hpp  : 973)   Fast simplification mode enabled
  0:00:44.508   148M / 18G   INFO    General                 (graph_simplification.hpp  : 695)   PROCEDURE == Presimplification
  0:00:44.508   148M / 18G   INFO    General                 (graph_simplification.hpp  : 213)   Removing short low covered self-conjugate connections
  0:00:44.519   148M / 18G   INFO    General                 (graph_simplification.hpp  : 406)   Removing isolated edges
  0:00:44.519   148M / 18G   INFO    General                 (graph_simplification.hpp  : 407)   All edges shorter than 90 will be removed
  0:00:44.520   148M / 18G   INFO    General                 (graph_simplification.hpp  : 408)   Also edges shorter than 0 and coverage smaller than 0 will be removed
  0:00:44.578   148M / 18G   INFO    General                 (graph_simplification.hpp  : 715)   Non parallel mode
  0:00:44.674   152M / 18G   INFO    General                 (graph_simplification.hpp  :  96)   Clipping tips
  0:00:45.660   148M / 18G   INFO    General                 (graph_simplification.hpp  : 190)   Removing low covered connections
  0:00:45.669   148M / 18G   INFO    General                 (graph_simplification.hpp  : 621)   Using permanent iterators
  0:00:45.669   148M / 18G   INFO    General                 (graph_simplification.hpp  : 925)   PROCEDURE == Simplification cycle, iteration 1
  0:00:45.671   148M / 18G   INFO    General                 (graph_simplification.hpp  :  96)   Clipping tips
  0:00:45.675   148M / 18G   INFO    General                 (graph_simplification.hpp  : 150)   Removing bulges
  0:00:45.889   148M / 18G   INFO    General                 (graph_simplification.hpp  : 190)   Removing low covered connections
  0:00:45.889   148M / 18G   INFO    General                 (graph_simplification.hpp  : 925)   PROCEDURE == Simplification cycle, iteration 2
  0:00:45.889   148M / 18G   INFO    General                 (graph_simplification.hpp  :  96)   Clipping tips
  0:00:45.890   148M / 18G   INFO    General                 (graph_simplification.hpp  : 150)   Removing bulges
  0:00:45.890   148M / 18G   INFO    General                 (graph_simplification.hpp  : 190)   Removing low covered connections
  0:00:45.894   148M / 18G   INFO    General                 (graph_simplification.hpp  : 925)   PROCEDURE == Simplification cycle, iteration 3
  0:00:45.894   148M / 18G   INFO    General                 (graph_simplification.hpp  :  96)   Clipping tips
  0:00:45.894   148M / 18G   INFO    General                 (graph_simplification.hpp  : 150)   Removing bulges
  0:00:45.908   152M / 18G   INFO    General                 (graph_simplification.hpp  : 190)   Removing low covered connections
  0:00:45.913   148M / 18G   INFO    General                 (graph_simplification.hpp  : 925)   PROCEDURE == Simplification cycle, iteration 4
  0:00:45.913   148M / 18G   INFO    General                 (graph_simplification.hpp  :  96)   Clipping tips
  0:00:45.913   148M / 18G   INFO    General                 (graph_simplification.hpp  : 150)   Removing bulges
  0:00:45.914   148M / 18G   INFO    General                 (graph_simplification.hpp  : 190)   Removing low covered connections
  0:00:45.914   148M / 18G   INFO    General                 (graph_simplification.hpp  : 925)   PROCEDURE == Simplification cycle, iteration 5
  0:00:45.914   148M / 18G   INFO    General                 (graph_simplification.hpp  :  96)   Clipping tips
  0:00:45.914   148M / 18G   INFO    General                 (graph_simplification.hpp  : 150)   Removing bulges
  0:00:45.914   148M / 18G   INFO    General                 (graph_simplification.hpp  : 190)   Removing low covered connections
  0:00:45.915   148M / 18G   INFO    General                 (graph_simplification.hpp  : 925)   PROCEDURE == Simplification cycle, iteration 6
  0:00:45.915   148M / 18G   INFO    General                 (graph_simplification.hpp  :  96)   Clipping tips
  0:00:45.915   148M / 18G   INFO    General                 (graph_simplification.hpp  : 150)   Removing bulges
  0:00:45.915   148M / 18G   INFO    General                 (graph_simplification.hpp  : 190)   Removing low covered connections
  0:00:45.916   148M / 18G   INFO    General                 (graph_simplification.hpp  : 925)   PROCEDURE == Simplification cycle, iteration 7
  0:00:45.916   148M / 18G   INFO    General                 (graph_simplification.hpp  :  96)   Clipping tips
  0:00:45.916   148M / 18G   INFO    General                 (graph_simplification.hpp  : 150)   Removing bulges
  0:00:45.916   148M / 18G   INFO    General                 (graph_simplification.hpp  : 190)   Removing low covered connections
  0:00:45.916   148M / 18G   INFO    General                 (graph_simplification.hpp  : 925)   PROCEDURE == Simplification cycle, iteration 8
  0:00:45.916   148M / 18G   INFO    General                 (graph_simplification.hpp  :  96)   Clipping tips
  0:00:45.916   148M / 18G   INFO    General                 (graph_simplification.hpp  : 150)   Removing bulges
  0:00:45.916   148M / 18G   INFO    General                 (graph_simplification.hpp  : 190)   Removing low covered connections
  0:00:45.916   148M / 18G   INFO    General                 (graph_simplification.hpp  : 925)   PROCEDURE == Simplification cycle, iteration 9
  0:00:45.916   148M / 18G   INFO    General                 (graph_simplification.hpp  :  96)   Clipping tips
  0:00:45.916   148M / 18G   INFO    General                 (graph_simplification.hpp  : 150)   Removing bulges
  0:00:45.916   148M / 18G   INFO    General                 (graph_simplification.hpp  : 190)   Removing low covered connections
  0:00:45.916   148M / 18G   INFO    General                 (graph_simplification.hpp  : 925)   PROCEDURE == Simplification cycle, iteration 10
  0:00:45.916   148M / 18G   INFO    General                 (graph_simplification.hpp  :  96)   Clipping tips
  0:00:45.916   148M / 18G   INFO    General                 (graph_simplification.hpp  : 150)   Removing bulges
  0:00:45.916   148M / 18G   INFO    General                 (graph_simplification.hpp  : 190)   Removing low covered connections
  0:00:45.916   148M / 18G   INFO    General                 (graph_simplification.hpp  : 839)   PROCEDURE == Post simplification
  0:00:45.916   148M / 18G   INFO    General                 (graph_simplification.hpp  : 621)   Using permanent iterators
  0:00:45.916   148M / 18G   INFO    General                 (graph_simplification.hpp  : 856)   Iteration 0
  0:00:45.916   148M / 18G   INFO    General                 (graph_simplification.hpp  : 255)   Removal of relatively low covered connections disabled
  0:00:45.916   148M / 18G   INFO    General                 (graph_simplification.hpp  : 530)   Complex tip clipping disabled
  0:00:45.917   148M / 18G   INFO    General                 (graph_simplification.hpp  :  96)   Clipping tips
  0:00:45.918   148M / 18G   INFO    General                 (graph_simplification.hpp  : 150)   Removing bulges
  0:00:45.920   148M / 18G   INFO    General                 (graph_simplification.hpp  : 856)   Iteration 1
  0:00:45.920   148M / 18G   INFO    General                 (graph_simplification.hpp  : 255)   Removal of relatively low covered connections disabled
  0:00:45.920   148M / 18G   INFO    General                 (graph_simplification.hpp  : 530)   Complex tip clipping disabled
  0:00:45.920   148M / 18G   INFO    General                 (graph_simplification.hpp  :  96)   Clipping tips
  0:00:45.920   148M / 18G   INFO    General                 (graph_simplification.hpp  : 150)   Removing bulges
  0:00:45.920   148M / 18G   INFO   StageManager             (stage.cpp                 : 126)   STAGE == Gap Closer
  0:00:45.920   148M / 18G   INFO    General                 (graph_pack.hpp            :  85)   Index refill
  0:00:45.920   148M / 18G   INFO   K-mer Index Building     (kmer_index.hpp            : 464)   Building kmer index
  0:00:45.920   148M / 18G   INFO    General                 (kmer_splitters.hpp        : 296)   Splitting kmer instances into 16 buckets. This might take a while.
  0:00:45.920   148M / 18G   INFO    General                 (file_limit.hpp            :  30)   Open file limit set to 1048576
  0:00:45.920   148M / 18G   INFO    General                 (kmer_splitters.hpp        : 314)   Memory available for splitting buffers: 19.9518 Gb
  0:00:45.920   148M / 18G   INFO    General                 (kmer_splitters.hpp        : 319)   Using cell size of 2097152
  0:00:46.443   724M / 18G   INFO    General                 (kmer_splitters.hpp        : 332)   Processed 2507 edges
  0:00:46.444   724M / 18G   INFO    General                 (kmer_splitters.hpp        : 337)   Used 2507 sequences.
  0:00:46.450   148M / 18G   INFO    General                 (kmer_index.hpp            : 342)   Starting k-mer counting.
  0:00:46.582   148M / 18G   INFO    General                 (kmer_index.hpp            : 348)   K-mer counting done. There are 5287138 kmers in total.
  0:00:46.582   148M / 18G   INFO    General                 (kmer_index.hpp            : 350)   Merging temporary buckets.
  0:00:46.636   148M / 18G   INFO   K-mer Index Building     (kmer_index.hpp            : 473)   Building perfect hash indices
  0:00:47.470   152M / 18G   INFO    General                 (kmer_index.hpp            : 368)   Merging final buckets.
  0:00:47.523   152M / 18G   INFO   K-mer Index Building     (kmer_index.hpp            : 521)   Index built. Total 1727560 bytes occupied (2.61398 bits per kmer).
  0:00:47.576   276M / 18G   INFO    General                 (edge_index_builders.hpp   :  28)   Collecting k-mer coverage information from graph, this takes a while.
  0:00:52.722   276M / 18G   INFO    General                 (gap_closer.cpp            : 165)   Preparing shift maps
  0:00:52.723   276M / 18G   INFO    General                 (gap_closer.cpp            : 125)   Processing paired reads (takes a while)
  0:00:55.376   276M / 18G   INFO    General                 (gap_closer.cpp            : 144)   Used 10997812 paired reads
  0:00:55.376   276M / 18G   INFO    General                 (gap_closer.cpp            : 146)   Merging paired indices
  0:00:55.379   276M / 18G   INFO   GapCloser                (gap_closer.cpp            : 403)   Closing short gaps
  0:00:55.384   276M / 18G   INFO   GapCloser                (gap_closer.cpp            : 432)   Closing short gaps complete: filled 7 gaps after checking 220 candidates
  0:00:56.312   276M / 18G   INFO   StageManager             (stage.cpp                 : 126)   STAGE == Simplification Cleanup
  0:00:56.312   276M / 18G   INFO    General                 (graph_simplification.hpp  : 406)   Removing isolated edges
  0:00:56.312   276M / 18G   INFO    General                 (graph_simplification.hpp  : 407)   All edges shorter than 150 will be removed
  0:00:56.312   276M / 18G   INFO    General                 (graph_simplification.hpp  : 408)   Also edges shorter than 0 and coverage smaller than 2 will be removed
  0:00:56.322   276M / 18G   INFO    General                 (simplification.cpp        :  75)   Removing all the edges having coverage 0 and less
  0:00:56.324   276M / 18G   INFO    General                 (simplification.cpp        :  87)   Counting average coverage
  0:00:56.324   276M / 18G   INFO    General                 (simplification.cpp        :  90)   Average coverage = 72.7659
  0:00:56.324   276M / 18G   INFO   StageManager             (stage.cpp                 : 126)   STAGE == Mismatch Correction
  0:01:00.779   276M / 18G   INFO    General                 (mismatch_shall_not_pass.hp: 189)   Finished collecting potential mismatches positions
  0:01:00.865   276M / 18G   INFO    General                 (mismatch_shall_not_pass.hp: 292)   All edges processed
  0:01:00.865   276M / 18G   INFO    General                 (mismatch_correction.cpp   :  19)   Corrected 4 nucleotides
  0:01:00.865   276M / 18G   INFO   StageManager             (stage.cpp                 : 126)   STAGE == Paired Information Counting
  0:01:00.868   276M / 18G   INFO    General                 (pair_info_count.cpp       : 166)   Min edge length for estimation: 58171
  0:01:00.868   276M / 18G   INFO    General                 (pair_info_count.cpp       : 168)   Estimating insert size for library #0
  0:01:00.868   276M / 18G   INFO    General                 (pair_info_count.cpp       :  32)   Estimating insert size (takes a while)
  0:01:00.868   276M / 18G   INFO    General                 (short_read_mapper.hpp     :  93)   Selecting usual mapper
  0:01:03.846   276M / 18G   INFO    General                 (sequence_mapper_notifier.h:  82)   Processed 171840 reads
  0:01:03.915   276M / 18G   INFO    General                 (sequence_mapper_notifier.h:  82)   Processed 343681 reads
  0:01:03.920   276M / 18G   INFO    General                 (sequence_mapper_notifier.h:  82)   Processed 515522 reads
  0:01:03.922   276M / 18G   INFO    General                 (sequence_mapper_notifier.h:  82)   Processed 687363 reads
  0:01:03.928   276M / 18G   INFO    General                 (sequence_mapper_notifier.h:  82)   Processed 859204 reads
  0:01:03.933   276M / 18G   INFO    General                 (sequence_mapper_notifier.h:  82)   Processed 1202886 reads
  0:01:03.952   276M / 18G   INFO    General                 (sequence_mapper_notifier.h:  82)   Processed 2233932 reads
  0:01:03.964   276M / 18G   INFO    General                 (sequence_mapper_notifier.h:  82)   Processed 4296020 reads
  0:01:03.992   276M / 18G   INFO    General                 (sequence_mapper_notifier.h:  90)   Processed 5498906 reads
  0:01:03.992   276M / 18G   INFO    General                 (pair_info_count.cpp       :  43)   2636697 paired reads (47.9495% of all) aligned to long edges
  0:01:03.993   276M / 18G   INFO    General                 (pair_info_count.cpp       : 186)     Estimated insert size for paired library #0
  0:01:03.993   276M / 18G   INFO    General                 (pair_info_count.cpp       : 191)     Insert size = 469.025, deviation = 14.6938, left quantile = 450, right quantile = 486, read length = 90
  0:01:03.993   276M / 18G   INFO    General                 (pair_info_count.cpp       : 197)   Mapping library #0
  0:01:03.993   276M / 18G   INFO    General                 (pair_info_count.cpp       : 207)   Mapping paired reads (takes a while)
  0:01:03.993   276M / 18G   INFO    General                 (pair_info_count.cpp       :  84)   Left insert size qauntile 450, right insert size quantile 486
  0:01:03.993   276M / 18G   INFO    General                 (short_read_mapper.hpp     :  93)   Selecting usual mapper
  0:01:07.508   916M / 18G   INFO    General                 (sequence_mapper_notifier.h:  82)   Processed 200000 reads
  0:01:07.620   916M / 18G   INFO    General                 (sequence_mapper_notifier.h:  82)   Processed 400000 reads
  0:01:07.727   908M / 18G   INFO    General                 (sequence_mapper_notifier.h:  82)   Processed 600000 reads
  0:01:07.842   904M / 18G   INFO    General                 (sequence_mapper_notifier.h:  82)   Processed 800000 reads
  0:01:07.964   900M / 18G   INFO    General                 (sequence_mapper_notifier.h:  82)   Processed 1000000 reads
  0:01:08.096   892M / 18G   INFO    General                 (sequence_mapper_notifier.h:  82)   Processed 1200000 reads
  0:01:08.910   892M / 18G   INFO    General                 (sequence_mapper_notifier.h:  82)   Processed 2200000 reads
  0:01:10.794   872M / 18G   INFO    General                 (sequence_mapper_notifier.h:  82)   Processed 4343682 reads
  0:01:14.496   680M / 18G   INFO    General                 (sequence_mapper_notifier.h:  82)   Processed 8411542 reads
  0:01:16.702   308M / 18G   INFO    General                 (sequence_mapper_notifier.h:  90)   Processed 10997812 reads
  0:01:17.069   316M / 18G   INFO    General                 (split_graph_pair_info.hpp : 351)   Threshold for paired information 0.746735
  0:01:17.176   276M / 18G   INFO   StageManager             (stage.cpp                 : 126)   STAGE == Distance Estimation
  0:01:17.176   276M / 18G   INFO    General                 (distance_estimation.cpp   : 235)   Processing library #0
  0:01:17.176   276M / 18G   INFO    General                 (distance_estimation.cpp   : 137)   Weight Filter Done
  0:01:17.176   276M / 18G   INFO   DistanceEstimator        (distance_estimation.hpp   : 188)   Using SIMPLE distance estimator
  0:01:17.208   276M / 18G   INFO   DistanceEstimator        (distance_estimation.hpp   : 209)   Merging maps
  0:01:17.226   276M / 18G   INFO    General                 (distance_estimation.cpp   :  39)   Filtering info
  0:01:17.230   276M / 18G   INFO    General                 (pair_info_filters.hpp     : 355)   Pruning the index
  0:01:17.231   276M / 18G   INFO    General                 (distance_estimation.cpp   : 185)   Refining clustered pair information
  0:01:17.232   276M / 18G   INFO    General                 (distance_estimation.cpp   : 187)   The refining of clustered pair information has been finished
  0:01:17.232   276M / 18G   INFO    General                 (distance_estimation.cpp   : 189)   Improving paired information
  0:01:17.263   276M / 18G   INFO   PairInfoImprover         (pair_info_improver.hpp    :  62)   Paired info stats: missing = 2148; contradictional = 460
  0:01:17.283   276M / 18G   INFO   PairInfoImprover         (pair_info_improver.hpp    :  62)   Paired info stats: missing = 100; contradictional = 0
  0:01:17.283   276M / 18G   INFO    General                 (distance_estimation.cpp   : 194)   Filling scaffolding index
  0:01:17.283   276M / 18G   INFO   DistanceEstimator        (distance_estimation.hpp   : 188)   Using SMOOTHING distance estimator
  0:01:17.304   276M / 18G   INFO   DistanceEstimator        (distance_estimation.hpp   : 209)   Merging maps
  0:01:17.305   276M / 18G   INFO    General                 (distance_estimation.cpp   :  39)   Filtering info
  0:01:17.306   276M / 18G   INFO    General                 (pair_info_filters.hpp     : 355)   Pruning the index
  0:01:17.321   276M / 18G   INFO   StageManager             (stage.cpp                 : 126)   STAGE == Repeat Resolving
  0:01:17.321   276M / 18G   INFO    General                 (contig_output.hpp         : 283)   Outputting contigs to /data/scratch/spades/output//K55/before_rr.fasta
  0:01:17.591   276M / 18G   INFO    General                 (repeat_resolving.cpp      :  70)   Using Path-Extend repeat resolving
  0:01:17.591   276M / 18G   INFO    General                 (path_extend_launch.hpp    : 461)   ExSPAnder repeat resolving tool started
  0:01:17.591   276M / 18G   INFO    General                 (path_extend_launch.hpp    : 471)   SUBSTAGE = paired-end libraries
  0:01:17.591   276M / 18G   INFO    General                 (path_extend_launch.hpp    : 321)   Threshold for library #0 is 0.746735
  0:01:17.592   276M / 18G   INFO    General                 (path_extend_launch.hpp    : 423)   Using 1 paired-end library
  0:01:17.592   276M / 18G   INFO    General                 (path_extend_launch.hpp    : 424)   Using 1 paired-end scaffolding library
  0:01:17.592   276M / 18G   INFO    General                 (path_extend_launch.hpp    : 425)   Using 0 mate-pair libraries
  0:01:17.592   276M / 18G   INFO    General                 (path_extend_launch.hpp    : 426)   Using 0 single read libraries
  0:01:17.592   276M / 18G   INFO    General                 (path_extend_launch.hpp    : 427)   Scaffolder is on
  0:01:17.595   280M / 18G   INFO    General                 (path_extend_launch.hpp    : 482)   Growing paths using paired-end and long single reads
  0:01:17.595   280M / 18G   INFO   PathExtender             (path_extender.hpp         : 670)   Processed 0 paths from 1127 (0%)
  0:01:17.649   280M / 18G   INFO   PathExtender             (path_extender.hpp         : 670)   Processed 113 paths from 1127 (10%)
  0:01:17.653   280M / 18G   INFO   PathExtender             (path_extender.hpp         : 668)   Processed 128 paths from 1127 (11%)
  0:01:17.674   280M / 18G   INFO   PathExtender             (path_extender.hpp         : 670)   Processed 226 paths from 1127 (20%)
  0:01:17.677   280M / 18G   INFO   PathExtender             (path_extender.hpp         : 668)   Processed 256 paths from 1127 (22%)
  0:01:17.685   280M / 18G   INFO   PathExtender             (path_extender.hpp         : 670)   Processed 339 paths from 1127 (30%)
  0:01:17.698   284M / 18G   INFO   PathExtender             (path_extender.hpp         : 670)   Processed 452 paths from 1127 (40%)
  0:01:17.699   284M / 18G   INFO   PathExtender             (path_extender.hpp         : 668)   Processed 512 paths from 1127 (45%)
  0:01:17.699   284M / 18G   INFO   PathExtender             (path_extender.hpp         : 670)   Processed 565 paths from 1127 (50%)
  0:01:17.701   284M / 18G   INFO   PathExtender             (path_extender.hpp         : 670)   Processed 678 paths from 1127 (60%)
  0:01:17.703   284M / 18G   INFO   PathExtender             (path_extender.hpp         : 670)   Processed 791 paths from 1127 (70%)
  0:01:17.708   284M / 18G   INFO   PathExtender             (path_extender.hpp         : 670)   Processed 904 paths from 1127 (80%)
  0:01:17.708   284M / 18G   INFO   PathExtender             (path_extender.hpp         : 670)   Processed 1017 paths from 1127 (90%)
  0:01:17.708   284M / 18G   INFO   PathExtender             (path_extender.hpp         : 668)   Processed 1024 paths from 1127 (90%)
  0:01:17.717   284M / 18G   INFO   PathExtendIO             (pe_io.hpp                 : 339)   Constructing FASTG file from paths
  0:01:17.721   284M / 18G   INFO   PathExtendIO             (pe_io.hpp                 : 342)   Writing contigs in FASTG to /data/scratch/spades/output//K55/final_contigs.fastg
  0:01:17.721   284M / 18G   INFO   PathExtendIO             (pe_io.hpp                 : 343)   Writing contigs in FASTA to /data/scratch/spades/output//K55/final_contigs.fasta
  0:01:18.004   284M / 18G   INFO   PathExtendIO             (pe_io.hpp                 : 339)   Constructing FASTG file from paths
  0:01:18.008   284M / 18G   INFO   PathExtendIO             (pe_io.hpp                 : 342)   Writing contigs in FASTG to /data/scratch/spades/output//K55/path_extend/pe_before_traversal.fastg
  0:01:18.008   284M / 18G   INFO   PathExtendIO             (pe_io.hpp                 : 343)   Writing contigs in FASTA to /data/scratch/spades/output//K55/path_extend/pe_before_traversal.fasta
  0:01:18.274   284M / 18G   INFO    General                 (path_extend_launch.hpp    : 222)   Traversing tandem repeats
  0:01:18.279   284M / 18G   INFO   PathExtendIO             (pe_io.hpp                 : 339)   Constructing FASTG file from paths
  0:01:18.282   284M / 18G   INFO   PathExtendIO             (pe_io.hpp                 : 342)   Writing contigs in FASTG to /data/scratch/spades/output//K55/scaffolds.fastg
  0:01:18.282   284M / 18G   INFO   PathExtendIO             (pe_io.hpp                 : 343)   Writing contigs in FASTA to /data/scratch/spades/output//K55/scaffolds.fasta
  0:01:18.568   280M / 18G   INFO    General                 (launch.hpp                : 107)   SPAdes finished
  0:01:18.639   136M / 18G   INFO    General                 (main.cpp                  : 167)   Assembling time: 0 hours 1 minutes 18 seconds

===== Assembling finished. 

 * Corrected reads are in /data/scratch/spades/output/corrected/
 * Assembled contigs are in /data/scratch/spades/output/contigs.fasta (contigs.fastg)
 * Assembled scaffolds are in /data/scratch/spades/output/scaffolds.fasta (scaffolds.fastg)

======= SPAdes pipeline finished.

SPAdes log can be found here: /data/scratch/spades/output/spades.log

Thank you for using SPAdes!

BaseSpace: SPAdes results are moving to /data/output/appresults/31479459

SPAdes results evaluation started
SPAdes results evaluation finished

Evaluation results were saved in /data/output/appresults/31479459/assembly/report.tsv
Assembled contigs were moved to /data/output/appresults/31479459/assembly
Assembled scaffolds were moved to /data/output/appresults/31479459/assembly
Log was moved to /data/output/appresults/31479459/assembly
