/home/anna/miniconda3/envs/quast_env/bin/quast.py -o quast_results/with_mate/ spades_results/with_mate/contigs.fasta -s spades_results/with_mate/scaffolds.fasta -t 12

Version: 5.2.0

System information:
  OS: Linux-5.10.102.1-microsoft-standard-WSL2-x86_64-with-debian-buster-sid (linux_64)
  Python version: 2.7.18
  CPUs number: 4

Started: 2022-12-10 19:53:35

Logging to /home/anna/BI/Practice_course/Workshop_git/HW3/quast_results/with_mate/quast.log

CWD: /home/anna/BI/Practice_course/Workshop_git/HW3
Main parameters: 
  MODE: default, threads: 12, split scaffolds: true, min contig length: 500, min alignment length: 65, \
  min alignment IDY: 95.0, ambiguity: one, min local misassembly length: 200, min extensive misassembly length: 1000

Contigs:
  Pre-processing...
  1  spades_results/with_mate/contigs.fasta ==> contigs
  1    breaking scaffolds into contigs:
  1      WARNING: nothing was broken, skipping 'contigs broken' from further analysis
  2  spades_results/with_mate/scaffolds.fasta ==> scaffolds
  2    breaking scaffolds into contigs:
  2      90 scaffolds (scaffolds) were broken into 119 contigs (scaffolds_broken)

2022-12-10 19:53:39
Running Basic statistics processor...
  Contig files: 
    1  contigs
    2  scaffolds
    3  scaffolds_broken
  Calculating N50 and L50...
    1  contigs, N50 = 335515, L50 = 6, auN = 319603.4, Total length = 5350156, GC % = 50.59, # N's per 100 kbp =  0.00
    2  scaffolds, N50 = 2815616, L50 = 1, auN = 1633387.0, Total length = 5391554, GC % = 50.57, # N's per 100 kbp =  627.52
    3  scaffolds_broken, N50 = 335515, L50 = 6, auN = 319372.3, Total length = 5354477, GC % = 50.58, # N's per 100 kbp =  0.11
  Drawing Nx plot...
    saved to /home/anna/BI/Practice_course/Workshop_git/HW3/quast_results/with_mate/basic_stats/Nx_plot.pdf
  Drawing cumulative plot...
    saved to /home/anna/BI/Practice_course/Workshop_git/HW3/quast_results/with_mate/basic_stats/cumulative_plot.pdf
  Drawing GC content plot...
    saved to /home/anna/BI/Practice_course/Workshop_git/HW3/quast_results/with_mate/basic_stats/GC_content_plot.pdf
  Drawing contigs GC content plot...
    saved to /home/anna/BI/Practice_course/Workshop_git/HW3/quast_results/with_mate/basic_stats/contigs_GC_content_plot.pdf
  Drawing scaffolds GC content plot...
    saved to /home/anna/BI/Practice_course/Workshop_git/HW3/quast_results/with_mate/basic_stats/scaffolds_GC_content_plot.pdf
  Drawing scaffolds_broken GC content plot...
    saved to /home/anna/BI/Practice_course/Workshop_git/HW3/quast_results/with_mate/basic_stats/scaffolds_broken_GC_content_plot.pdf
  Drawing Coverage histogram (bin size: 1x)...
    saved to /home/anna/BI/Practice_course/Workshop_git/HW3/quast_results/with_mate/basic_stats/coverage_histogram.pdf
  Drawing contigs coverage histogram (bin size: 3x)...
    saved to /home/anna/BI/Practice_course/Workshop_git/HW3/quast_results/with_mate/basic_stats/contigs_coverage_histogram.pdf
  Drawing scaffolds coverage histogram (bin size: 1x)...
    saved to /home/anna/BI/Practice_course/Workshop_git/HW3/quast_results/with_mate/basic_stats/scaffolds_coverage_histogram.pdf
  Drawing scaffolds_broken coverage histogram (bin size: 1x)...
    saved to /home/anna/BI/Practice_course/Workshop_git/HW3/quast_results/with_mate/basic_stats/scaffolds_broken_coverage_histogram.pdf
Done.

NOTICE: Genes are not predicted by default. Use --gene-finding or --glimmer option to enable it.

2022-12-10 19:53:46
Creating large visual summaries...
This may take a while: press Ctrl-C to skip this step..
  1 of 2: Creating PDF with all tables and plots...
  2 of 2: Creating Icarus viewers...
Done

2022-12-10 19:53:48
RESULTS:
  Text versions of total report are saved to /home/anna/BI/Practice_course/Workshop_git/HW3/quast_results/with_mate/report.txt, report.tsv, and report.tex
  Text versions of transposed total report are saved to /home/anna/BI/Practice_course/Workshop_git/HW3/quast_results/with_mate/transposed_report.txt, transposed_report.tsv, and transposed_report.tex
  HTML version (interactive tables and plots) is saved to /home/anna/BI/Practice_course/Workshop_git/HW3/quast_results/with_mate/report.html
  PDF version (tables and plots) is saved to /home/anna/BI/Practice_course/Workshop_git/HW3/quast_results/with_mate/report.pdf
  Icarus (contig browser) is saved to /home/anna/BI/Practice_course/Workshop_git/HW3/quast_results/with_mate/icarus.html
  Log is saved to /home/anna/BI/Practice_course/Workshop_git/HW3/quast_results/with_mate/quast.log

Finished: 2022-12-10 19:53:48
Elapsed time: 0:00:12.762510
NOTICEs: 1; WARNINGs: 0; non-fatal ERRORs: 0

Thank you for using QUAST!
